2025-10-11 18:37:01,343 - data_aggregator - INFO - Aggregating BC data from 2 workers
2025-10-11 18:37:01,371 - data_aggregator - INFO - Loaded 2 episodes from worker_0
2025-10-11 18:37:01,391 - data_aggregator - INFO - Loaded 2 episodes from worker_1
2025-10-11 18:37:01,395 - data_aggregator - INFO - Aggregated 4 episodes to C:\Users\julia\AppData\Local\Temp\tmp8vcecthx\aggregated_bc_data.pkl
2025-10-11 18:37:01,427 - data_aggregator - INFO - Aggregating BC data from 1 workers
2025-10-11 18:37:01,450 - data_aggregator - INFO - Loaded 1 episodes from worker_0
2025-10-11 18:37:01,453 - data_aggregator - INFO - Aggregated 1 episodes to C:\Users\julia\AppData\Local\Temp\tmplkwb_w3h\aggregated_bc_data.pkl
2025-10-11 18:37:01,474 - data_aggregator - INFO - Aggregating BC data from 0 workers
2025-10-11 18:37:01,478 - data_aggregator - INFO - Aggregated 0 episodes to C:\Users\julia\AppData\Local\Temp\tmps_7yd37v\aggregated_bc_data.pkl
2025-10-11 18:37:01,484 - data_aggregator - INFO - Aggregating RL experiences from 2 workers
2025-10-11 18:37:01,510 - data_aggregator - INFO - Loaded 2 experiences from worker_0
2025-10-11 18:37:01,530 - data_aggregator - INFO - Loaded 2 experiences from worker_1
2025-10-11 18:37:01,534 - data_aggregator - INFO - Aggregated 4 experiences to C:\Users\julia\AppData\Local\Temp\tmpy4wh0gg3\aggregated_rl_experiences.pkl
2025-10-11 18:37:01,657 - data_aggregator - INFO - Merging 2 checkpoints using strategy: latest
2025-10-11 18:37:01,678 - data_aggregator - INFO - Merged checkpoint saved to C:\Users\julia\AppData\Local\Temp\tmpbsj1alwb\merged_checkpoint.pt
2025-10-11 18:37:01,679 - data_aggregator - INFO - Used latest checkpoint: C:\Users\julia\AppData\Local\Temp\tmpbsj1alwb\checkpoint2.pt
2025-10-11 18:37:01,685 - data_aggregator - INFO - Merging 2 checkpoints using strategy: best
2025-10-11 18:37:01,689 - data_aggregator - INFO - Merged checkpoint saved to C:\Users\julia\AppData\Local\Temp\tmph0cxa5pp\merged_checkpoint.pt
2025-10-11 18:37:01,690 - data_aggregator - INFO - No performance metrics found, used latest: C:\Users\julia\AppData\Local\Temp\tmph0cxa5pp\checkpoint2.pt
2025-10-11 18:37:01,704 - data_aggregator - INFO - Aggregating BC data from 1 workers
2025-10-11 18:37:01,706 - data_aggregator - INFO - Loaded 1 episodes from worker_0
2025-10-11 18:37:01,709 - data_aggregator - INFO - Aggregated 1 episodes to C:\Users\julia\AppData\Local\Temp\tmpsir67mib\aggregated_bc_data.pkl
2025-10-11 18:37:01,714 - data_aggregator - INFO - Aggregating RL experiences from 1 workers
2025-10-11 18:37:01,733 - data_aggregator - INFO - Loaded 1 experiences from worker_0
2025-10-11 18:37:01,735 - data_aggregator - INFO - Aggregated 1 experiences to C:\Users\julia\AppData\Local\Temp\tmpxtvz5qv3\aggregated_rl_experiences.pkl
2025-10-11 20:49:53,045 - data_aggregator - INFO - Aggregating BC data from 2 workers
2025-10-11 20:49:53,051 - data_aggregator - INFO - Loaded 2 episodes from worker_0
2025-10-11 20:49:53,054 - data_aggregator - INFO - Loaded 2 episodes from worker_1
2025-10-11 20:49:53,057 - data_aggregator - INFO - Aggregated 4 episodes to C:\Users\julia\AppData\Local\Temp\tmpsbjtgs_m\aggregated_bc_data.pkl
2025-10-11 20:49:53,090 - data_aggregator - INFO - Aggregating BC data from 1 workers
2025-10-11 20:49:53,094 - data_aggregator - INFO - Loaded 1 episodes from worker_0
2025-10-11 20:49:53,098 - data_aggregator - INFO - Aggregated 1 episodes to C:\Users\julia\AppData\Local\Temp\tmp946e9yzy\aggregated_bc_data.pkl
2025-10-11 20:49:53,120 - data_aggregator - INFO - Aggregating BC data from 0 workers
2025-10-11 20:49:53,123 - data_aggregator - INFO - Aggregated 0 episodes to C:\Users\julia\AppData\Local\Temp\tmpq94439ps\aggregated_bc_data.pkl
2025-10-11 20:49:53,132 - data_aggregator - INFO - Aggregating RL experiences from 2 workers
2025-10-11 20:49:53,136 - data_aggregator - INFO - Loaded 2 experiences from worker_0
2025-10-11 20:49:53,139 - data_aggregator - INFO - Loaded 2 experiences from worker_1
2025-10-11 20:49:53,142 - data_aggregator - INFO - Aggregated 4 experiences to C:\Users\julia\AppData\Local\Temp\tmpnmf_fpn9\aggregated_rl_experiences.pkl
2025-10-11 20:49:53,265 - data_aggregator - INFO - Merging 2 checkpoints using strategy: latest
2025-10-11 20:49:53,269 - data_aggregator - INFO - Merged checkpoint saved to C:\Users\julia\AppData\Local\Temp\tmp2al7d1kb\merged_checkpoint.pt
2025-10-11 20:49:53,269 - data_aggregator - INFO - Used latest checkpoint: C:\Users\julia\AppData\Local\Temp\tmp2al7d1kb\checkpoint2.pt
2025-10-11 20:49:53,275 - data_aggregator - INFO - Merging 2 checkpoints using strategy: best
2025-10-11 20:49:53,278 - data_aggregator - INFO - Merged checkpoint saved to C:\Users\julia\AppData\Local\Temp\tmpdhz9qna2\merged_checkpoint.pt
2025-10-11 20:49:53,278 - data_aggregator - INFO - No performance metrics found, used latest: C:\Users\julia\AppData\Local\Temp\tmpdhz9qna2\checkpoint1.pt
2025-10-11 20:49:53,295 - data_aggregator - INFO - Aggregating BC data from 1 workers
2025-10-11 20:49:53,298 - data_aggregator - INFO - Loaded 1 episodes from worker_0
2025-10-11 20:49:53,301 - data_aggregator - INFO - Aggregated 1 episodes to C:\Users\julia\AppData\Local\Temp\tmpff8dcdva\aggregated_bc_data.pkl
2025-10-11 20:49:53,307 - data_aggregator - INFO - Aggregating RL experiences from 1 workers
2025-10-11 20:49:53,310 - data_aggregator - INFO - Loaded 1 experiences from worker_0
2025-10-11 20:49:53,313 - data_aggregator - INFO - Aggregated 1 experiences to C:\Users\julia\AppData\Local\Temp\tmpipuvvojb\aggregated_rl_experiences.pkl
2025-10-11 20:50:57,742 - data_aggregator - INFO - Aggregating BC data from 2 workers
2025-10-11 20:50:57,745 - data_aggregator - INFO - Loaded 2 episodes from worker_0
2025-10-11 20:50:57,748 - data_aggregator - INFO - Loaded 2 episodes from worker_1
2025-10-11 20:50:57,751 - data_aggregator - INFO - Aggregated 4 episodes to C:\Users\julia\AppData\Local\Temp\tmpibuhkdmx\aggregated_bc_data.pkl
2025-10-11 20:50:57,775 - data_aggregator - INFO - Aggregating BC data from 1 workers
2025-10-11 20:50:57,779 - data_aggregator - INFO - Loaded 1 episodes from worker_0
2025-10-11 20:50:57,782 - data_aggregator - INFO - Aggregated 1 episodes to C:\Users\julia\AppData\Local\Temp\tmpezrq4cdk\aggregated_bc_data.pkl
2025-10-11 20:50:57,800 - data_aggregator - INFO - Aggregating BC data from 0 workers
2025-10-11 20:50:57,802 - data_aggregator - INFO - Aggregated 0 episodes to C:\Users\julia\AppData\Local\Temp\tmpqvaj5mn9\aggregated_bc_data.pkl
2025-10-11 20:50:57,807 - data_aggregator - INFO - Aggregating RL experiences from 2 workers
2025-10-11 20:50:57,810 - data_aggregator - INFO - Loaded 2 experiences from worker_0
2025-10-11 20:50:57,814 - data_aggregator - INFO - Loaded 2 experiences from worker_1
2025-10-11 20:50:57,817 - data_aggregator - INFO - Aggregated 4 experiences to C:\Users\julia\AppData\Local\Temp\tmpvirysnem\aggregated_rl_experiences.pkl
2025-10-11 20:50:57,938 - data_aggregator - INFO - Merging 2 checkpoints using strategy: latest
2025-10-11 20:50:57,943 - data_aggregator - INFO - Merged checkpoint saved to C:\Users\julia\AppData\Local\Temp\tmpjx67wnri\merged_checkpoint.pt
2025-10-11 20:50:57,943 - data_aggregator - INFO - Used latest checkpoint: C:\Users\julia\AppData\Local\Temp\tmpjx67wnri\checkpoint2.pt
2025-10-11 20:50:57,949 - data_aggregator - INFO - Merging 2 checkpoints using strategy: best
2025-10-11 20:50:57,952 - data_aggregator - INFO - Merged checkpoint saved to C:\Users\julia\AppData\Local\Temp\tmpgrstihc5\merged_checkpoint.pt
2025-10-11 20:50:57,952 - data_aggregator - INFO - No performance metrics found, used latest: C:\Users\julia\AppData\Local\Temp\tmpgrstihc5\checkpoint1.pt
2025-10-11 20:50:57,965 - data_aggregator - INFO - Aggregating BC data from 1 workers
2025-10-11 20:50:57,968 - data_aggregator - INFO - Loaded 1 episodes from worker_0
2025-10-11 20:50:57,971 - data_aggregator - INFO - Aggregated 1 episodes to C:\Users\julia\AppData\Local\Temp\tmp6w6zq67k\aggregated_bc_data.pkl
2025-10-11 20:50:57,976 - data_aggregator - INFO - Aggregating RL experiences from 1 workers
2025-10-11 20:50:57,992 - data_aggregator - INFO - Loaded 1 experiences from worker_0
2025-10-11 20:50:57,994 - data_aggregator - INFO - Aggregated 1 experiences to C:\Users\julia\AppData\Local\Temp\tmpkdhr71qw\aggregated_rl_experiences.pkl
2025-10-11 21:00:35,993 - data_aggregator - INFO - Aggregating BC data from 2 workers
2025-10-11 21:00:35,997 - data_aggregator - INFO - Loaded 2 episodes from worker_0
2025-10-11 21:00:35,999 - data_aggregator - INFO - Loaded 2 episodes from worker_1
2025-10-11 21:00:36,002 - data_aggregator - INFO - Aggregated 4 episodes to C:\Users\julia\AppData\Local\Temp\tmpmwf4p1a2\aggregated_bc_data.pkl
2025-10-11 21:00:36,025 - data_aggregator - INFO - Aggregating BC data from 1 workers
2025-10-11 21:00:36,028 - data_aggregator - INFO - Loaded 1 episodes from worker_0
2025-10-11 21:00:36,031 - data_aggregator - INFO - Aggregated 1 episodes to C:\Users\julia\AppData\Local\Temp\tmplic0f6w7\aggregated_bc_data.pkl
2025-10-11 21:00:36,045 - data_aggregator - INFO - Aggregating BC data from 0 workers
2025-10-11 21:00:36,047 - data_aggregator - INFO - Aggregated 0 episodes to C:\Users\julia\AppData\Local\Temp\tmpz5eiqrbd\aggregated_bc_data.pkl
2025-10-11 21:00:36,053 - data_aggregator - INFO - Aggregating RL experiences from 2 workers
2025-10-11 21:00:36,056 - data_aggregator - INFO - Loaded 2 experiences from worker_0
2025-10-11 21:00:36,060 - data_aggregator - INFO - Loaded 2 experiences from worker_1
2025-10-11 21:00:36,065 - data_aggregator - INFO - Aggregated 4 experiences to C:\Users\julia\AppData\Local\Temp\tmp0nigbfpn\aggregated_rl_experiences.pkl
2025-10-11 21:00:36,182 - data_aggregator - INFO - Merging 2 checkpoints using strategy: latest
2025-10-11 21:00:36,187 - data_aggregator - INFO - Merged checkpoint saved to C:\Users\julia\AppData\Local\Temp\tmp4_pdk763\merged_checkpoint.pt
2025-10-11 21:00:36,187 - data_aggregator - INFO - Used latest checkpoint: C:\Users\julia\AppData\Local\Temp\tmp4_pdk763\checkpoint2.pt
2025-10-11 21:00:36,194 - data_aggregator - INFO - Merging 2 checkpoints using strategy: best
2025-10-11 21:00:36,199 - data_aggregator - INFO - Merged checkpoint saved to C:\Users\julia\AppData\Local\Temp\tmpnugz_rbv\merged_checkpoint.pt
2025-10-11 21:00:36,199 - data_aggregator - INFO - No performance metrics found, used latest: C:\Users\julia\AppData\Local\Temp\tmpnugz_rbv\checkpoint1.pt
2025-10-11 21:00:36,214 - data_aggregator - INFO - Aggregating BC data from 1 workers
2025-10-11 21:00:36,217 - data_aggregator - INFO - Loaded 1 episodes from worker_0
2025-10-11 21:00:36,219 - data_aggregator - INFO - Aggregated 1 episodes to C:\Users\julia\AppData\Local\Temp\tmp1lytwmsm\aggregated_bc_data.pkl
2025-10-11 21:00:36,225 - data_aggregator - INFO - Aggregating RL experiences from 1 workers
2025-10-11 21:00:36,228 - data_aggregator - INFO - Loaded 1 experiences from worker_0
2025-10-11 21:00:36,230 - data_aggregator - INFO - Aggregated 1 experiences to C:\Users\julia\AppData\Local\Temp\tmp4kbvn9ky\aggregated_rl_experiences.pkl
2025-10-11 21:48:34,035 - data_aggregator - INFO - Aggregating BC data from 2 workers
2025-10-11 21:48:34,038 - data_aggregator - INFO - Loaded 2 episodes from worker_0
2025-10-11 21:48:34,041 - data_aggregator - INFO - Loaded 2 episodes from worker_1
2025-10-11 21:48:34,045 - data_aggregator - INFO - Aggregated 4 episodes to C:\Users\julia\AppData\Local\Temp\tmprr1sw60r\aggregated_bc_data.pkl
2025-10-11 21:48:34,073 - data_aggregator - INFO - Aggregating BC data from 1 workers
2025-10-11 21:48:34,078 - data_aggregator - INFO - Loaded 1 episodes from worker_0
2025-10-11 21:48:34,081 - data_aggregator - INFO - Aggregated 1 episodes to C:\Users\julia\AppData\Local\Temp\tmp13pzqxyy\aggregated_bc_data.pkl
2025-10-11 21:48:34,104 - data_aggregator - INFO - Aggregating BC data from 0 workers
2025-10-11 21:48:34,107 - data_aggregator - INFO - Aggregated 0 episodes to C:\Users\julia\AppData\Local\Temp\tmpim_7kbgr\aggregated_bc_data.pkl
2025-10-11 21:48:34,114 - data_aggregator - INFO - Aggregating RL experiences from 2 workers
2025-10-11 21:48:34,118 - data_aggregator - INFO - Loaded 2 experiences from worker_0
2025-10-11 21:48:34,121 - data_aggregator - INFO - Loaded 2 experiences from worker_1
2025-10-11 21:48:34,125 - data_aggregator - INFO - Aggregated 4 experiences to C:\Users\julia\AppData\Local\Temp\tmpnou1_myz\aggregated_rl_experiences.pkl
2025-10-11 21:48:34,252 - data_aggregator - INFO - Merging 2 checkpoints using strategy: latest
2025-10-11 21:48:34,271 - data_aggregator - INFO - Merged checkpoint saved to C:\Users\julia\AppData\Local\Temp\tmpb3lf16e6\merged_checkpoint.pt
2025-10-11 21:48:34,271 - data_aggregator - INFO - Used latest checkpoint: C:\Users\julia\AppData\Local\Temp\tmpb3lf16e6\checkpoint2.pt
2025-10-11 21:48:34,279 - data_aggregator - INFO - Merging 2 checkpoints using strategy: best
2025-10-11 21:48:34,285 - data_aggregator - INFO - Merged checkpoint saved to C:\Users\julia\AppData\Local\Temp\tmpuamljmhb\merged_checkpoint.pt
2025-10-11 21:48:34,285 - data_aggregator - INFO - No performance metrics found, used latest: C:\Users\julia\AppData\Local\Temp\tmpuamljmhb\checkpoint1.pt
2025-10-11 21:48:34,305 - data_aggregator - INFO - Aggregating BC data from 1 workers
2025-10-11 21:48:34,308 - data_aggregator - INFO - Loaded 1 episodes from worker_0
2025-10-11 21:48:34,312 - data_aggregator - INFO - Aggregated 1 episodes to C:\Users\julia\AppData\Local\Temp\tmpadf84esl\aggregated_bc_data.pkl
2025-10-11 21:48:34,318 - data_aggregator - INFO - Aggregating RL experiences from 1 workers
2025-10-11 21:48:34,322 - data_aggregator - INFO - Loaded 1 experiences from worker_0
2025-10-11 21:48:34,325 - data_aggregator - INFO - Aggregated 1 experiences to C:\Users\julia\AppData\Local\Temp\tmpwo1ue7kb\aggregated_rl_experiences.pkl
2025-10-11 22:58:05,191 - data_aggregator - INFO - Aggregating BC data from 2 workers
2025-10-11 22:58:05,195 - data_aggregator - INFO - Loaded 2 episodes from worker_0
2025-10-11 22:58:05,198 - data_aggregator - INFO - Loaded 2 episodes from worker_1
2025-10-11 22:58:05,202 - data_aggregator - INFO - Aggregated 4 episodes to C:\Users\julia\AppData\Local\Temp\tmppvpw2qed\aggregated_bc_data.pkl
2025-10-11 22:58:05,231 - data_aggregator - INFO - Aggregating BC data from 1 workers
2025-10-11 22:58:05,235 - data_aggregator - INFO - Loaded 1 episodes from worker_0
2025-10-11 22:58:05,238 - data_aggregator - INFO - Aggregated 1 episodes to C:\Users\julia\AppData\Local\Temp\tmp9tmdefcc\aggregated_bc_data.pkl
2025-10-11 22:58:05,261 - data_aggregator - INFO - Aggregating BC data from 0 workers
2025-10-11 22:58:05,263 - data_aggregator - INFO - Aggregated 0 episodes to C:\Users\julia\AppData\Local\Temp\tmpp21gg95t\aggregated_bc_data.pkl
2025-10-11 22:58:05,270 - data_aggregator - INFO - Aggregating RL experiences from 2 workers
2025-10-11 22:58:05,285 - data_aggregator - INFO - Loaded 2 experiences from worker_0
2025-10-11 22:58:05,288 - data_aggregator - INFO - Loaded 2 experiences from worker_1
2025-10-11 22:58:05,291 - data_aggregator - INFO - Aggregated 4 experiences to C:\Users\julia\AppData\Local\Temp\tmprgd6ko8c\aggregated_rl_experiences.pkl
2025-10-11 22:58:05,415 - data_aggregator - INFO - Merging 2 checkpoints using strategy: latest
2025-10-11 22:58:05,420 - data_aggregator - INFO - Merged checkpoint saved to C:\Users\julia\AppData\Local\Temp\tmpi4fktq2x\merged_checkpoint.pt
2025-10-11 22:58:05,421 - data_aggregator - INFO - Used latest checkpoint: C:\Users\julia\AppData\Local\Temp\tmpi4fktq2x\checkpoint2.pt
2025-10-11 22:58:05,428 - data_aggregator - INFO - Merging 2 checkpoints using strategy: best
2025-10-11 22:58:05,433 - data_aggregator - INFO - Merged checkpoint saved to C:\Users\julia\AppData\Local\Temp\tmpn8pyj4pz\merged_checkpoint.pt
2025-10-11 22:58:05,433 - data_aggregator - INFO - No performance metrics found, used latest: C:\Users\julia\AppData\Local\Temp\tmpn8pyj4pz\checkpoint2.pt
2025-10-11 22:58:05,452 - data_aggregator - INFO - Aggregating BC data from 1 workers
2025-10-11 22:58:05,455 - data_aggregator - INFO - Loaded 1 episodes from worker_0
2025-10-11 22:58:05,459 - data_aggregator - INFO - Aggregated 1 episodes to C:\Users\julia\AppData\Local\Temp\tmpojs_jpin\aggregated_bc_data.pkl
2025-10-11 22:58:05,466 - data_aggregator - INFO - Aggregating RL experiences from 1 workers
2025-10-11 22:58:05,472 - data_aggregator - INFO - Loaded 1 experiences from worker_0
2025-10-11 22:58:05,476 - data_aggregator - INFO - Aggregated 1 experiences to C:\Users\julia\AppData\Local\Temp\tmp_9aovv6p\aggregated_rl_experiences.pkl
2025-10-12 00:48:25,219 - data_aggregator - INFO - Aggregating BC data from 2 workers
2025-10-12 00:48:25,223 - data_aggregator - INFO - Loaded 2 episodes from worker_0
2025-10-12 00:48:25,226 - data_aggregator - INFO - Loaded 2 episodes from worker_1
2025-10-12 00:48:25,230 - data_aggregator - INFO - Aggregated 4 episodes to C:\Users\julia\AppData\Local\Temp\tmplo01ypf9\aggregated_bc_data.pkl
2025-10-12 00:48:25,262 - data_aggregator - INFO - Aggregating BC data from 1 workers
2025-10-12 00:48:25,266 - data_aggregator - INFO - Loaded 1 episodes from worker_0
2025-10-12 00:48:25,269 - data_aggregator - INFO - Aggregated 1 episodes to C:\Users\julia\AppData\Local\Temp\tmpup2v_gz5\aggregated_bc_data.pkl
2025-10-12 00:48:25,294 - data_aggregator - INFO - Aggregating BC data from 0 workers
2025-10-12 00:48:25,297 - data_aggregator - INFO - Aggregated 0 episodes to C:\Users\julia\AppData\Local\Temp\tmpu1pab4so\aggregated_bc_data.pkl
2025-10-12 00:48:25,305 - data_aggregator - INFO - Aggregating RL experiences from 2 workers
2025-10-12 00:48:25,309 - data_aggregator - INFO - Loaded 2 experiences from worker_0
2025-10-12 00:48:25,312 - data_aggregator - INFO - Loaded 2 experiences from worker_1
2025-10-12 00:48:25,316 - data_aggregator - INFO - Aggregated 4 experiences to C:\Users\julia\AppData\Local\Temp\tmpy62xj46c\aggregated_rl_experiences.pkl
2025-10-12 00:48:25,443 - data_aggregator - INFO - Merging 2 checkpoints using strategy: latest
2025-10-12 00:48:25,449 - data_aggregator - INFO - Merged checkpoint saved to C:\Users\julia\AppData\Local\Temp\tmp00i9sdtm\merged_checkpoint.pt
2025-10-12 00:48:25,450 - data_aggregator - INFO - Used latest checkpoint: C:\Users\julia\AppData\Local\Temp\tmp00i9sdtm\checkpoint2.pt
2025-10-12 00:48:25,458 - data_aggregator - INFO - Merging 2 checkpoints using strategy: best
2025-10-12 00:48:25,463 - data_aggregator - INFO - Merged checkpoint saved to C:\Users\julia\AppData\Local\Temp\tmp5wb3nq9m\merged_checkpoint.pt
2025-10-12 00:48:25,463 - data_aggregator - INFO - No performance metrics found, used latest: C:\Users\julia\AppData\Local\Temp\tmp5wb3nq9m\checkpoint1.pt
2025-10-12 00:48:25,482 - data_aggregator - INFO - Aggregating BC data from 1 workers
2025-10-12 00:48:25,486 - data_aggregator - INFO - Loaded 1 episodes from worker_0
2025-10-12 00:48:25,490 - data_aggregator - INFO - Aggregated 1 episodes to C:\Users\julia\AppData\Local\Temp\tmpfqjno30w\aggregated_bc_data.pkl
2025-10-12 00:48:25,497 - data_aggregator - INFO - Aggregating RL experiences from 1 workers
2025-10-12 00:48:25,500 - data_aggregator - INFO - Loaded 1 experiences from worker_0
2025-10-12 00:48:25,504 - data_aggregator - INFO - Aggregated 1 experiences to C:\Users\julia\AppData\Local\Temp\tmpl83_ubgq\aggregated_rl_experiences.pkl
