Traceback (most recent call last):
  File "/home/vizia/avesnova/boost-and-broadside/tests/pipelines/test_train_swa.py", line 109, in test_train_swa_pipeline
    train(cfg)
    ~~~~~^^^^^
  File "/home/vizia/avesnova/boost-and-broadside/src/modes/train.py", line 67, in train
    train_world_model(cfg)
    ~~~~~~~~~~~~~~~~~^^^^^
  File "/home/vizia/avesnova/boost-and-broadside/src/train/train_world_model.py", line 60, in train_world_model
    model = create_model(cfg, data_path, device)
  File "/home/vizia/avesnova/boost-and-broadside/src/train/world_model/setup.py", line 39, in create_model
    loss_type=cfg.world_model.loss.get("type", "fixed")
              ^^^^^^^^^^^^^^^^^^^^
  File "/home/vizia/avesnova/boost-and-broadside/.venv/lib/python3.13/site-packages/omegaconf/dictconfig.py", line 355, in __getattr__
    self._format_and_raise(
    ~~~~~~~~~~~~~~~~~~~~~~^
        key=key, value=None, cause=e, type_override=ConfigAttributeError
        ^^^^^^^^^^^^^^^^^^^^^^^^^^^^^^^^^^^^^^^^^^^^^^^^^^^^^^^^^^^^^^^^
    )
    ^
  File "/home/vizia/avesnova/boost-and-broadside/.venv/lib/python3.13/site-packages/omegaconf/base.py", line 231, in _format_and_raise
    format_and_raise(
    ~~~~~~~~~~~~~~~~^
        node=self,
        ^^^^^^^^^^
    ...<4 lines>...
        type_override=type_override,
        ^^^^^^^^^^^^^^^^^^^^^^^^^^^^
    )
    ^
  File "/home/vizia/avesnova/boost-and-broadside/.venv/lib/python3.13/site-packages/omegaconf/_utils.py", line 899, in format_and_raise
    _raise(ex, cause)
    ~~~~~~^^^^^^^^^^^
  File "/home/vizia/avesnova/boost-and-broadside/.venv/lib/python3.13/site-packages/omegaconf/_utils.py", line 797, in _raise
    raise ex.with_traceback(sys.exc_info()[2])  # set env var OC_CAUSE=1 for full trace
    ^^^^^^^^^^^^^^^^^^^^^^^^^^^^^^^^^^^^^^^^^^
  File "/home/vizia/avesnova/boost-and-broadside/.venv/lib/python3.13/site-packages/omegaconf/dictconfig.py", line 351, in __getattr__
    return self._get_impl(
           ~~~~~~~~~~~~~~^
        key=key, default_value=_DEFAULT_MARKER_, validate_key=False
        ^^^^^^^^^^^^^^^^^^^^^^^^^^^^^^^^^^^^^^^^^^^^^^^^^^^^^^^^^^^
    )
    ^
  File "/home/vizia/avesnova/boost-and-broadside/.venv/lib/python3.13/site-packages/omegaconf/dictconfig.py", line 442, in _get_impl
    node = self._get_child(
        key=key, throw_on_missing_key=True, validate_key=validate_key
    )
  File "/home/vizia/avesnova/boost-and-broadside/.venv/lib/python3.13/site-packages/omegaconf/basecontainer.py", line 73, in _get_child
    child = self._get_node(
        key=key,
    ...<3 lines>...
        throw_on_missing_key=throw_on_missing_key,
    )
  File "/home/vizia/avesnova/boost-and-broadside/.venv/lib/python3.13/site-packages/omegaconf/dictconfig.py", line 480, in _get_node
    raise ConfigKeyError(f"Missing key {key!s}")
omegaconf.errors.ConfigAttributeError: Missing key loss
    full_key: world_model.loss
    object_type=dict
