2025-10-11 18:37:06,305 - recovery_manager - INFO - Collection state saved to C:\Users\julia\AppData\Local\Temp\tmp4ysl57_l\collection_state.pkl
2025-10-11 18:37:06,318 - recovery_manager - INFO - Collection state loaded from C:\Users\julia\AppData\Local\Temp\tmp4ysl57_l\collection_state.pkl
2025-10-11 18:37:06,318 - recovery_manager - INFO - State saved at: 2025-10-11T18:37:06.304846
2025-10-11 18:37:06,323 - recovery_manager - INFO - No collection state found at C:\Users\julia\AppData\Local\Temp\tmpx6w9c7zx\collection_state.pkl
2025-10-11 18:37:08,084 - recovery_manager - INFO - Training state saved to C:\Users\julia\AppData\Local\Temp\tmpd0xwmlm2\training_state.pkl
2025-10-11 18:37:08,097 - recovery_manager - INFO - Training state loaded from C:\Users\julia\AppData\Local\Temp\tmpd0xwmlm2\training_state.pkl
2025-10-11 18:37:08,097 - recovery_manager - INFO - Resuming from epoch 10
2025-10-11 18:37:08,097 - recovery_manager - INFO - State saved at: 2025-10-11T18:37:08.082957
2025-10-11 18:37:08,101 - recovery_manager - INFO - No training state found at C:\Users\julia\AppData\Local\Temp\tmpxdlw2ncs\training_state.pkl
2025-10-11 18:37:08,208 - recovery_manager - INFO - Latest checkpoint found: C:\Users\julia\AppData\Local\Temp\tmp_3blxd6x\checkpoint_200.pt
2025-10-11 18:37:08,319 - recovery_manager - INFO - Latest checkpoint found: C:\Users\julia\AppData\Local\Temp\tmpupq8ctqf\best_checkpoint_300.pt
2025-10-11 18:37:08,323 - recovery_manager - INFO - Collection state saved to C:\Users\julia\AppData\Local\Temp\tmpb1i9temc\collection_state.pkl
2025-10-11 18:37:08,339 - recovery_manager - INFO - Collection state loaded from C:\Users\julia\AppData\Local\Temp\tmpb1i9temc\collection_state.pkl
2025-10-11 18:37:08,339 - recovery_manager - INFO - State saved at: 2025-10-11T18:37:08.323189
2025-10-11 18:37:08,339 - recovery_manager - INFO - Resuming collection: 50/100 episodes
2025-10-11 18:37:08,345 - recovery_manager - INFO - Collection state saved to C:\Users\julia\AppData\Local\Temp\tmp5fcdyvpn\collection_state.pkl
2025-10-11 18:37:08,358 - recovery_manager - INFO - Collection state loaded from C:\Users\julia\AppData\Local\Temp\tmp5fcdyvpn\collection_state.pkl
2025-10-11 18:37:08,359 - recovery_manager - INFO - State saved at: 2025-10-11T18:37:08.344514
2025-10-11 18:37:08,359 - recovery_manager - INFO - Collection already completed
2025-10-11 18:37:08,364 - recovery_manager - INFO - Collection state saved to C:\Users\julia\AppData\Local\Temp\tmpgmvtqpqu\collection_state.pkl
2025-10-11 18:37:08,376 - recovery_manager - INFO - Collection state loaded from C:\Users\julia\AppData\Local\Temp\tmpgmvtqpqu\collection_state.pkl
2025-10-11 18:37:08,376 - recovery_manager - INFO - State saved at: 2025-10-11T18:37:08.363394
2025-10-11 18:37:08,376 - recovery_manager - WARNING - Invalid collection state, cannot resume
2025-10-11 18:37:08,379 - recovery_manager - INFO - No collection state found at C:\Users\julia\AppData\Local\Temp\tmpqff4t9tu\collection_state.pkl
2025-10-11 18:37:08,383 - recovery_manager - INFO - Training state saved to C:\Users\julia\AppData\Local\Temp\tmpo0k02u06\training_state.pkl
2025-10-11 18:37:08,399 - recovery_manager - INFO - Training state loaded from C:\Users\julia\AppData\Local\Temp\tmpo0k02u06\training_state.pkl
2025-10-11 18:37:08,399 - recovery_manager - INFO - Resuming from epoch 10
2025-10-11 18:37:08,399 - recovery_manager - INFO - State saved at: 2025-10-11T18:37:08.382801
2025-10-11 18:37:08,399 - recovery_manager - INFO - Resuming training from epoch 10/50
2025-10-11 18:37:08,408 - recovery_manager - INFO - Training state saved to C:\Users\julia\AppData\Local\Temp\tmp60tna529\training_state.pkl
2025-10-11 18:37:08,425 - recovery_manager - INFO - Training state loaded from C:\Users\julia\AppData\Local\Temp\tmp60tna529\training_state.pkl
2025-10-11 18:37:08,426 - recovery_manager - INFO - Resuming from epoch 50
2025-10-11 18:37:08,426 - recovery_manager - INFO - State saved at: 2025-10-11T18:37:08.406319
2025-10-11 18:37:08,426 - recovery_manager - INFO - Training already completed
2025-10-11 18:37:08,431 - recovery_manager - INFO - No training state found at C:\Users\julia\AppData\Local\Temp\tmpg9sp37ls\training_state.pkl
2025-10-11 18:37:08,435 - recovery_manager - INFO - Collection state saved to C:\Users\julia\AppData\Local\Temp\tmpgnb_praj\collection_state.pkl
2025-10-11 18:37:08,448 - recovery_manager - INFO - Collection state loaded from C:\Users\julia\AppData\Local\Temp\tmpgnb_praj\collection_state.pkl
2025-10-11 18:37:08,448 - recovery_manager - INFO - State saved at: 2025-10-11T18:37:08.434794
2025-10-11 18:37:08,452 - recovery_manager - INFO - Recovery report saved to C:\Users\julia\AppData\Local\Temp\tmpgnb_praj\recovery_report.yaml
2025-10-11 18:37:08,470 - recovery_manager - INFO - Collection state saved to C:\Users\julia\AppData\Local\Temp\tmps8wr0f0n\collection_state.pkl
2025-10-11 18:37:08,481 - recovery_manager - INFO - Collection state loaded from C:\Users\julia\AppData\Local\Temp\tmps8wr0f0n\collection_state.pkl
2025-10-11 18:37:08,481 - recovery_manager - INFO - State saved at: 2025-10-11T18:37:08.470137
2025-10-11 18:37:08,482 - recovery_manager - INFO - Resuming collection: 50/100 episodes
2025-10-11 18:37:08,486 - recovery_manager - INFO - No collection state found at C:\Users\julia\AppData\Local\Temp\tmpwcm9w0o1\collection_state.pkl
2025-10-11 18:37:08,489 - recovery_manager - INFO - No collection state found at C:\Users\julia\AppData\Local\Temp\tmpr_3tclcm\collection_state.pkl
2025-10-11 18:37:08,496 - recovery_manager - INFO - Training state saved to C:\Users\julia\AppData\Local\Temp\tmpchrzc6wj\training_state.pkl
2025-10-11 18:37:08,507 - recovery_manager - INFO - Training state loaded from C:\Users\julia\AppData\Local\Temp\tmpchrzc6wj\training_state.pkl
2025-10-11 18:37:08,507 - recovery_manager - INFO - Resuming from epoch 10
2025-10-11 18:37:08,508 - recovery_manager - INFO - State saved at: 2025-10-11T18:37:08.494932
2025-10-11 18:37:08,508 - recovery_manager - INFO - Resuming training from epoch 10/50
2025-10-11 18:37:08,511 - recovery_manager - INFO - No training state found at C:\Users\julia\AppData\Local\Temp\tmpqp1l8niu\training_state.pkl
2025-10-11 18:37:08,515 - recovery_manager - INFO - No training state found at C:\Users\julia\AppData\Local\Temp\tmpw3u3r6wv\training_state.pkl
2025-10-11 18:37:08,516 - recovery_manager - INFO - Latest checkpoint found: C:\Users\julia\AppData\Local\Temp\tmpw3u3r6wv\checkpoint_100.pt
2025-10-11 20:49:57,940 - recovery_manager - INFO - Collection state saved to C:\Users\julia\AppData\Local\Temp\tmpfuh0tb5j\collection_state.pkl
2025-10-11 20:49:57,953 - recovery_manager - INFO - Collection state loaded from C:\Users\julia\AppData\Local\Temp\tmpfuh0tb5j\collection_state.pkl
2025-10-11 20:49:57,953 - recovery_manager - INFO - State saved at: 2025-10-11T20:49:57.939397
2025-10-11 20:49:57,958 - recovery_manager - INFO - No collection state found at C:\Users\julia\AppData\Local\Temp\tmpn15c9mme\collection_state.pkl
2025-10-11 20:49:59,253 - recovery_manager - INFO - Training state saved to C:\Users\julia\AppData\Local\Temp\tmp6d02v6pr\training_state.pkl
2025-10-11 20:49:59,271 - recovery_manager - INFO - Training state loaded from C:\Users\julia\AppData\Local\Temp\tmp6d02v6pr\training_state.pkl
2025-10-11 20:49:59,271 - recovery_manager - INFO - Resuming from epoch 10
2025-10-11 20:49:59,271 - recovery_manager - INFO - State saved at: 2025-10-11T20:49:59.251861
2025-10-11 20:49:59,276 - recovery_manager - INFO - No training state found at C:\Users\julia\AppData\Local\Temp\tmpasdlv_jn\training_state.pkl
2025-10-11 20:49:59,383 - recovery_manager - INFO - Latest checkpoint found: C:\Users\julia\AppData\Local\Temp\tmph5zjfgd6\checkpoint_200.pt
2025-10-11 20:49:59,494 - recovery_manager - INFO - Latest checkpoint found: C:\Users\julia\AppData\Local\Temp\tmpehclnxsz\best_checkpoint_300.pt
2025-10-11 20:49:59,500 - recovery_manager - INFO - Collection state saved to C:\Users\julia\AppData\Local\Temp\tmpv_jlh2c4\collection_state.pkl
2025-10-11 20:49:59,512 - recovery_manager - INFO - Collection state loaded from C:\Users\julia\AppData\Local\Temp\tmpv_jlh2c4\collection_state.pkl
2025-10-11 20:49:59,512 - recovery_manager - INFO - State saved at: 2025-10-11T20:49:59.500182
2025-10-11 20:49:59,513 - recovery_manager - INFO - Resuming collection: 50/100 episodes
2025-10-11 20:49:59,518 - recovery_manager - INFO - Collection state saved to C:\Users\julia\AppData\Local\Temp\tmper5up560\collection_state.pkl
2025-10-11 20:49:59,534 - recovery_manager - INFO - Collection state loaded from C:\Users\julia\AppData\Local\Temp\tmper5up560\collection_state.pkl
2025-10-11 20:49:59,534 - recovery_manager - INFO - State saved at: 2025-10-11T20:49:59.517936
2025-10-11 20:49:59,534 - recovery_manager - INFO - Collection already completed
2025-10-11 20:49:59,539 - recovery_manager - INFO - Collection state saved to C:\Users\julia\AppData\Local\Temp\tmpb8t1yz8d\collection_state.pkl
2025-10-11 20:49:59,551 - recovery_manager - INFO - Collection state loaded from C:\Users\julia\AppData\Local\Temp\tmpb8t1yz8d\collection_state.pkl
2025-10-11 20:49:59,552 - recovery_manager - INFO - State saved at: 2025-10-11T20:49:59.539020
2025-10-11 20:49:59,552 - recovery_manager - WARNING - Invalid collection state, cannot resume
2025-10-11 20:49:59,556 - recovery_manager - INFO - No collection state found at C:\Users\julia\AppData\Local\Temp\tmpbeg0iefi\collection_state.pkl
2025-10-11 20:49:59,561 - recovery_manager - INFO - Training state saved to C:\Users\julia\AppData\Local\Temp\tmpkn51o6c6\training_state.pkl
2025-10-11 20:49:59,578 - recovery_manager - INFO - Training state loaded from C:\Users\julia\AppData\Local\Temp\tmpkn51o6c6\training_state.pkl
2025-10-11 20:49:59,578 - recovery_manager - INFO - Resuming from epoch 10
2025-10-11 20:49:59,578 - recovery_manager - INFO - State saved at: 2025-10-11T20:49:59.560306
2025-10-11 20:49:59,578 - recovery_manager - INFO - Resuming training from epoch 10/50
2025-10-11 20:49:59,585 - recovery_manager - INFO - Training state saved to C:\Users\julia\AppData\Local\Temp\tmpzgtcjysh\training_state.pkl
2025-10-11 20:49:59,602 - recovery_manager - INFO - Training state loaded from C:\Users\julia\AppData\Local\Temp\tmpzgtcjysh\training_state.pkl
2025-10-11 20:49:59,602 - recovery_manager - INFO - Resuming from epoch 50
2025-10-11 20:49:59,603 - recovery_manager - INFO - State saved at: 2025-10-11T20:49:59.583808
2025-10-11 20:49:59,603 - recovery_manager - INFO - Training already completed
2025-10-11 20:49:59,607 - recovery_manager - INFO - No training state found at C:\Users\julia\AppData\Local\Temp\tmpnnybq1cm\training_state.pkl
2025-10-11 20:49:59,612 - recovery_manager - INFO - Collection state saved to C:\Users\julia\AppData\Local\Temp\tmp4l7agw09\collection_state.pkl
2025-10-11 20:49:59,624 - recovery_manager - INFO - Collection state loaded from C:\Users\julia\AppData\Local\Temp\tmp4l7agw09\collection_state.pkl
2025-10-11 20:49:59,625 - recovery_manager - INFO - State saved at: 2025-10-11T20:49:59.611270
2025-10-11 20:49:59,628 - recovery_manager - INFO - Recovery report saved to C:\Users\julia\AppData\Local\Temp\tmp4l7agw09\recovery_report.yaml
2025-10-11 20:49:59,647 - recovery_manager - INFO - Collection state saved to C:\Users\julia\AppData\Local\Temp\tmpv_8o9j84\collection_state.pkl
2025-10-11 20:49:59,664 - recovery_manager - INFO - Collection state loaded from C:\Users\julia\AppData\Local\Temp\tmpv_8o9j84\collection_state.pkl
2025-10-11 20:49:59,664 - recovery_manager - INFO - State saved at: 2025-10-11T20:49:59.647101
2025-10-11 20:49:59,664 - recovery_manager - INFO - Resuming collection: 50/100 episodes
2025-10-11 20:49:59,669 - recovery_manager - INFO - No collection state found at C:\Users\julia\AppData\Local\Temp\tmp2wrnk6o9\collection_state.pkl
2025-10-11 20:49:59,674 - recovery_manager - INFO - No collection state found at C:\Users\julia\AppData\Local\Temp\tmp_iify8rz\collection_state.pkl
2025-10-11 20:49:59,681 - recovery_manager - INFO - Training state saved to C:\Users\julia\AppData\Local\Temp\tmpu7zn2txx\training_state.pkl
2025-10-11 20:49:59,695 - recovery_manager - INFO - Training state loaded from C:\Users\julia\AppData\Local\Temp\tmpu7zn2txx\training_state.pkl
2025-10-11 20:49:59,696 - recovery_manager - INFO - Resuming from epoch 10
2025-10-11 20:49:59,696 - recovery_manager - INFO - State saved at: 2025-10-11T20:49:59.679856
2025-10-11 20:49:59,696 - recovery_manager - INFO - Resuming training from epoch 10/50
2025-10-11 20:49:59,701 - recovery_manager - INFO - No training state found at C:\Users\julia\AppData\Local\Temp\tmprilbt3pf\training_state.pkl
2025-10-11 20:49:59,707 - recovery_manager - INFO - No training state found at C:\Users\julia\AppData\Local\Temp\tmp5bbx1tdj\training_state.pkl
2025-10-11 20:49:59,707 - recovery_manager - INFO - Latest checkpoint found: C:\Users\julia\AppData\Local\Temp\tmp5bbx1tdj\checkpoint_100.pt
2025-10-11 20:51:02,093 - recovery_manager - INFO - Collection state saved to C:\Users\julia\AppData\Local\Temp\tmpo2vgemml\collection_state.pkl
2025-10-11 20:51:02,105 - recovery_manager - INFO - Collection state loaded from C:\Users\julia\AppData\Local\Temp\tmpo2vgemml\collection_state.pkl
2025-10-11 20:51:02,105 - recovery_manager - INFO - State saved at: 2025-10-11T20:51:02.092757
2025-10-11 20:51:02,108 - recovery_manager - INFO - No collection state found at C:\Users\julia\AppData\Local\Temp\tmpc5fvn1i0\collection_state.pkl
2025-10-11 20:51:03,247 - recovery_manager - INFO - Training state saved to C:\Users\julia\AppData\Local\Temp\tmpu8y8x5wu\training_state.pkl
2025-10-11 20:51:03,261 - recovery_manager - INFO - Training state loaded from C:\Users\julia\AppData\Local\Temp\tmpu8y8x5wu\training_state.pkl
2025-10-11 20:51:03,261 - recovery_manager - INFO - Resuming from epoch 10
2025-10-11 20:51:03,261 - recovery_manager - INFO - State saved at: 2025-10-11T20:51:03.246269
2025-10-11 20:51:03,266 - recovery_manager - INFO - No training state found at C:\Users\julia\AppData\Local\Temp\tmpn3ovtung\training_state.pkl
2025-10-11 20:51:03,373 - recovery_manager - INFO - Latest checkpoint found: C:\Users\julia\AppData\Local\Temp\tmpair2z4f1\checkpoint_200.pt
2025-10-11 20:51:03,484 - recovery_manager - INFO - Latest checkpoint found: C:\Users\julia\AppData\Local\Temp\tmp52cvxjh8\best_checkpoint_300.pt
2025-10-11 20:51:03,489 - recovery_manager - INFO - Collection state saved to C:\Users\julia\AppData\Local\Temp\tmpz6n1ae9f\collection_state.pkl
2025-10-11 20:51:03,500 - recovery_manager - INFO - Collection state loaded from C:\Users\julia\AppData\Local\Temp\tmpz6n1ae9f\collection_state.pkl
2025-10-11 20:51:03,500 - recovery_manager - INFO - State saved at: 2025-10-11T20:51:03.489022
2025-10-11 20:51:03,500 - recovery_manager - INFO - Resuming collection: 50/100 episodes
2025-10-11 20:51:03,505 - recovery_manager - INFO - Collection state saved to C:\Users\julia\AppData\Local\Temp\tmpy84lf38w\collection_state.pkl
2025-10-11 20:51:03,514 - recovery_manager - INFO - Collection state loaded from C:\Users\julia\AppData\Local\Temp\tmpy84lf38w\collection_state.pkl
2025-10-11 20:51:03,514 - recovery_manager - INFO - State saved at: 2025-10-11T20:51:03.504658
2025-10-11 20:51:03,514 - recovery_manager - INFO - Collection already completed
2025-10-11 20:51:03,518 - recovery_manager - INFO - Collection state saved to C:\Users\julia\AppData\Local\Temp\tmpkpxbqqyh\collection_state.pkl
2025-10-11 20:51:03,530 - recovery_manager - INFO - Collection state loaded from C:\Users\julia\AppData\Local\Temp\tmpkpxbqqyh\collection_state.pkl
2025-10-11 20:51:03,531 - recovery_manager - INFO - State saved at: 2025-10-11T20:51:03.517943
2025-10-11 20:51:03,531 - recovery_manager - WARNING - Invalid collection state, cannot resume
2025-10-11 20:51:03,535 - recovery_manager - INFO - No collection state found at C:\Users\julia\AppData\Local\Temp\tmplx9prxbd\collection_state.pkl
2025-10-11 20:51:03,539 - recovery_manager - INFO - Training state saved to C:\Users\julia\AppData\Local\Temp\tmpigu1hrck\training_state.pkl
2025-10-11 20:51:03,551 - recovery_manager - INFO - Training state loaded from C:\Users\julia\AppData\Local\Temp\tmpigu1hrck\training_state.pkl
2025-10-11 20:51:03,551 - recovery_manager - INFO - Resuming from epoch 10
2025-10-11 20:51:03,551 - recovery_manager - INFO - State saved at: 2025-10-11T20:51:03.538401
2025-10-11 20:51:03,551 - recovery_manager - INFO - Resuming training from epoch 10/50
2025-10-11 20:51:03,556 - recovery_manager - INFO - Training state saved to C:\Users\julia\AppData\Local\Temp\tmpx94mbe2l\training_state.pkl
2025-10-11 20:51:03,570 - recovery_manager - INFO - Training state loaded from C:\Users\julia\AppData\Local\Temp\tmpx94mbe2l\training_state.pkl
2025-10-11 20:51:03,570 - recovery_manager - INFO - Resuming from epoch 50
2025-10-11 20:51:03,570 - recovery_manager - INFO - State saved at: 2025-10-11T20:51:03.555545
2025-10-11 20:51:03,570 - recovery_manager - INFO - Training already completed
2025-10-11 20:51:03,574 - recovery_manager - INFO - No training state found at C:\Users\julia\AppData\Local\Temp\tmp8i64ndth\training_state.pkl
2025-10-11 20:51:03,579 - recovery_manager - INFO - Collection state saved to C:\Users\julia\AppData\Local\Temp\tmpkbh7yada\collection_state.pkl
2025-10-11 20:51:03,591 - recovery_manager - INFO - Collection state loaded from C:\Users\julia\AppData\Local\Temp\tmpkbh7yada\collection_state.pkl
2025-10-11 20:51:03,591 - recovery_manager - INFO - State saved at: 2025-10-11T20:51:03.578546
2025-10-11 20:51:03,594 - recovery_manager - INFO - Recovery report saved to C:\Users\julia\AppData\Local\Temp\tmpkbh7yada\recovery_report.yaml
2025-10-11 20:51:03,612 - recovery_manager - INFO - Collection state saved to C:\Users\julia\AppData\Local\Temp\tmp91e6ggw9\collection_state.pkl
2025-10-11 20:51:03,622 - recovery_manager - INFO - Collection state loaded from C:\Users\julia\AppData\Local\Temp\tmp91e6ggw9\collection_state.pkl
2025-10-11 20:51:03,623 - recovery_manager - INFO - State saved at: 2025-10-11T20:51:03.611447
2025-10-11 20:51:03,623 - recovery_manager - INFO - Resuming collection: 50/100 episodes
2025-10-11 20:51:03,627 - recovery_manager - INFO - No collection state found at C:\Users\julia\AppData\Local\Temp\tmpuvhbi2ww\collection_state.pkl
2025-10-11 20:51:03,631 - recovery_manager - INFO - No collection state found at C:\Users\julia\AppData\Local\Temp\tmpd0fxz540\collection_state.pkl
2025-10-11 20:51:03,637 - recovery_manager - INFO - Training state saved to C:\Users\julia\AppData\Local\Temp\tmpwg_01b4j\training_state.pkl
2025-10-11 20:51:03,650 - recovery_manager - INFO - Training state loaded from C:\Users\julia\AppData\Local\Temp\tmpwg_01b4j\training_state.pkl
2025-10-11 20:51:03,650 - recovery_manager - INFO - Resuming from epoch 10
2025-10-11 20:51:03,650 - recovery_manager - INFO - State saved at: 2025-10-11T20:51:03.636090
2025-10-11 20:51:03,650 - recovery_manager - INFO - Resuming training from epoch 10/50
2025-10-11 20:51:03,655 - recovery_manager - INFO - No training state found at C:\Users\julia\AppData\Local\Temp\tmp4p2wnit7\training_state.pkl
2025-10-11 20:51:03,660 - recovery_manager - INFO - No training state found at C:\Users\julia\AppData\Local\Temp\tmp6xzs5swe\training_state.pkl
2025-10-11 20:51:03,660 - recovery_manager - INFO - Latest checkpoint found: C:\Users\julia\AppData\Local\Temp\tmp6xzs5swe\checkpoint_100.pt
2025-10-11 21:00:39,140 - recovery_manager - INFO - Collection state saved to C:\Users\julia\AppData\Local\Temp\tmpdfz94sbb\collection_state.pkl
2025-10-11 21:00:39,155 - recovery_manager - INFO - Collection state loaded from C:\Users\julia\AppData\Local\Temp\tmpdfz94sbb\collection_state.pkl
2025-10-11 21:00:39,155 - recovery_manager - INFO - State saved at: 2025-10-11T21:00:39.139919
2025-10-11 21:00:39,159 - recovery_manager - INFO - No collection state found at C:\Users\julia\AppData\Local\Temp\tmptvcna0oe\collection_state.pkl
2025-10-11 21:00:40,558 - recovery_manager - INFO - Training state saved to C:\Users\julia\AppData\Local\Temp\tmp5hys87s_\training_state.pkl
2025-10-11 21:00:40,572 - recovery_manager - INFO - Training state loaded from C:\Users\julia\AppData\Local\Temp\tmp5hys87s_\training_state.pkl
2025-10-11 21:00:40,573 - recovery_manager - INFO - Resuming from epoch 10
2025-10-11 21:00:40,573 - recovery_manager - INFO - State saved at: 2025-10-11T21:00:40.556919
2025-10-11 21:00:40,579 - recovery_manager - INFO - No training state found at C:\Users\julia\AppData\Local\Temp\tmp1b8gk7zs\training_state.pkl
2025-10-11 21:00:40,686 - recovery_manager - INFO - Latest checkpoint found: C:\Users\julia\AppData\Local\Temp\tmpkip5ky33\checkpoint_200.pt
2025-10-11 21:00:40,799 - recovery_manager - INFO - Latest checkpoint found: C:\Users\julia\AppData\Local\Temp\tmpt48cul3n\best_checkpoint_300.pt
2025-10-11 21:00:40,805 - recovery_manager - INFO - Collection state saved to C:\Users\julia\AppData\Local\Temp\tmp2bxji52g\collection_state.pkl
2025-10-11 21:00:40,816 - recovery_manager - INFO - Collection state loaded from C:\Users\julia\AppData\Local\Temp\tmp2bxji52g\collection_state.pkl
2025-10-11 21:00:40,816 - recovery_manager - INFO - State saved at: 2025-10-11T21:00:40.804693
2025-10-11 21:00:40,816 - recovery_manager - INFO - Resuming collection: 50/100 episodes
2025-10-11 21:00:40,820 - recovery_manager - INFO - Collection state saved to C:\Users\julia\AppData\Local\Temp\tmpv_vcznni\collection_state.pkl
2025-10-11 21:00:40,829 - recovery_manager - INFO - Collection state loaded from C:\Users\julia\AppData\Local\Temp\tmpv_vcznni\collection_state.pkl
2025-10-11 21:00:40,829 - recovery_manager - INFO - State saved at: 2025-10-11T21:00:40.819731
2025-10-11 21:00:40,829 - recovery_manager - INFO - Collection already completed
2025-10-11 21:00:40,833 - recovery_manager - INFO - Collection state saved to C:\Users\julia\AppData\Local\Temp\tmptusql54u\collection_state.pkl
2025-10-11 21:00:40,842 - recovery_manager - INFO - Collection state loaded from C:\Users\julia\AppData\Local\Temp\tmptusql54u\collection_state.pkl
2025-10-11 21:00:40,842 - recovery_manager - INFO - State saved at: 2025-10-11T21:00:40.832666
2025-10-11 21:00:40,842 - recovery_manager - WARNING - Invalid collection state, cannot resume
2025-10-11 21:00:40,846 - recovery_manager - INFO - No collection state found at C:\Users\julia\AppData\Local\Temp\tmp7ox1llul\collection_state.pkl
2025-10-11 21:00:40,851 - recovery_manager - INFO - Training state saved to C:\Users\julia\AppData\Local\Temp\tmp5r37rzgl\training_state.pkl
2025-10-11 21:00:40,863 - recovery_manager - INFO - Training state loaded from C:\Users\julia\AppData\Local\Temp\tmp5r37rzgl\training_state.pkl
2025-10-11 21:00:40,863 - recovery_manager - INFO - Resuming from epoch 10
2025-10-11 21:00:40,863 - recovery_manager - INFO - State saved at: 2025-10-11T21:00:40.850298
2025-10-11 21:00:40,863 - recovery_manager - INFO - Resuming training from epoch 10/50
2025-10-11 21:00:40,869 - recovery_manager - INFO - Training state saved to C:\Users\julia\AppData\Local\Temp\tmpnyfnrat_\training_state.pkl
2025-10-11 21:00:40,880 - recovery_manager - INFO - Training state loaded from C:\Users\julia\AppData\Local\Temp\tmpnyfnrat_\training_state.pkl
2025-10-11 21:00:40,880 - recovery_manager - INFO - Resuming from epoch 50
2025-10-11 21:00:40,881 - recovery_manager - INFO - State saved at: 2025-10-11T21:00:40.868131
2025-10-11 21:00:40,881 - recovery_manager - INFO - Training already completed
2025-10-11 21:00:40,885 - recovery_manager - INFO - No training state found at C:\Users\julia\AppData\Local\Temp\tmpg97xa_oo\training_state.pkl
2025-10-11 21:00:40,889 - recovery_manager - INFO - Collection state saved to C:\Users\julia\AppData\Local\Temp\tmpgphzym8e\collection_state.pkl
2025-10-11 21:00:40,903 - recovery_manager - INFO - Collection state loaded from C:\Users\julia\AppData\Local\Temp\tmpgphzym8e\collection_state.pkl
2025-10-11 21:00:40,903 - recovery_manager - INFO - State saved at: 2025-10-11T21:00:40.888626
2025-10-11 21:00:40,905 - recovery_manager - INFO - Recovery report saved to C:\Users\julia\AppData\Local\Temp\tmpgphzym8e\recovery_report.yaml
2025-10-11 21:00:40,922 - recovery_manager - INFO - Collection state saved to C:\Users\julia\AppData\Local\Temp\tmpmx69e56a\collection_state.pkl
2025-10-11 21:00:40,934 - recovery_manager - INFO - Collection state loaded from C:\Users\julia\AppData\Local\Temp\tmpmx69e56a\collection_state.pkl
2025-10-11 21:00:40,934 - recovery_manager - INFO - State saved at: 2025-10-11T21:00:40.921813
2025-10-11 21:00:40,934 - recovery_manager - INFO - Resuming collection: 50/100 episodes
2025-10-11 21:00:40,938 - recovery_manager - INFO - No collection state found at C:\Users\julia\AppData\Local\Temp\tmpyxu2czyi\collection_state.pkl
2025-10-11 21:00:40,942 - recovery_manager - INFO - No collection state found at C:\Users\julia\AppData\Local\Temp\tmpe2ca13qt\collection_state.pkl
2025-10-11 21:00:40,948 - recovery_manager - INFO - Training state saved to C:\Users\julia\AppData\Local\Temp\tmp44x8flez\training_state.pkl
2025-10-11 21:00:40,963 - recovery_manager - INFO - Training state loaded from C:\Users\julia\AppData\Local\Temp\tmp44x8flez\training_state.pkl
2025-10-11 21:00:40,963 - recovery_manager - INFO - Resuming from epoch 10
2025-10-11 21:00:40,963 - recovery_manager - INFO - State saved at: 2025-10-11T21:00:40.946966
2025-10-11 21:00:40,964 - recovery_manager - INFO - Resuming training from epoch 10/50
2025-10-11 21:00:40,968 - recovery_manager - INFO - No training state found at C:\Users\julia\AppData\Local\Temp\tmpdo84uhmq\training_state.pkl
2025-10-11 21:00:40,973 - recovery_manager - INFO - No training state found at C:\Users\julia\AppData\Local\Temp\tmppq14nsdy\training_state.pkl
2025-10-11 21:00:40,974 - recovery_manager - INFO - Latest checkpoint found: C:\Users\julia\AppData\Local\Temp\tmppq14nsdy\checkpoint_100.pt
2025-10-11 21:48:37,545 - recovery_manager - INFO - Collection state saved to C:\Users\julia\AppData\Local\Temp\tmpjc23ywyx\collection_state.pkl
2025-10-11 21:48:37,564 - recovery_manager - INFO - Collection state loaded from C:\Users\julia\AppData\Local\Temp\tmpjc23ywyx\collection_state.pkl
2025-10-11 21:48:37,564 - recovery_manager - INFO - State saved at: 2025-10-11T21:48:37.545430
2025-10-11 21:48:37,569 - recovery_manager - INFO - No collection state found at C:\Users\julia\AppData\Local\Temp\tmpwgg1mj4o\collection_state.pkl
2025-10-11 21:48:39,177 - recovery_manager - INFO - Training state saved to C:\Users\julia\AppData\Local\Temp\tmpic32ci65\training_state.pkl
2025-10-11 21:48:39,194 - recovery_manager - INFO - Training state loaded from C:\Users\julia\AppData\Local\Temp\tmpic32ci65\training_state.pkl
2025-10-11 21:48:39,194 - recovery_manager - INFO - Resuming from epoch 10
2025-10-11 21:48:39,194 - recovery_manager - INFO - State saved at: 2025-10-11T21:48:39.175882
2025-10-11 21:48:39,199 - recovery_manager - INFO - No training state found at C:\Users\julia\AppData\Local\Temp\tmpi3sd_nkr\training_state.pkl
2025-10-11 21:48:39,306 - recovery_manager - INFO - Latest checkpoint found: C:\Users\julia\AppData\Local\Temp\tmpx35mmeqc\checkpoint_200.pt
2025-10-11 21:48:39,419 - recovery_manager - INFO - Latest checkpoint found: C:\Users\julia\AppData\Local\Temp\tmpjmnjx7ws\best_checkpoint_300.pt
2025-10-11 21:48:39,424 - recovery_manager - INFO - Collection state saved to C:\Users\julia\AppData\Local\Temp\tmpnwik43h5\collection_state.pkl
2025-10-11 21:48:39,446 - recovery_manager - INFO - Collection state loaded from C:\Users\julia\AppData\Local\Temp\tmpnwik43h5\collection_state.pkl
2025-10-11 21:48:39,446 - recovery_manager - INFO - State saved at: 2025-10-11T21:48:39.423886
2025-10-11 21:48:39,447 - recovery_manager - INFO - Resuming collection: 50/100 episodes
2025-10-11 21:48:39,453 - recovery_manager - INFO - Collection state saved to C:\Users\julia\AppData\Local\Temp\tmpijexi58u\collection_state.pkl
2025-10-11 21:48:39,471 - recovery_manager - INFO - Collection state loaded from C:\Users\julia\AppData\Local\Temp\tmpijexi58u\collection_state.pkl
2025-10-11 21:48:39,471 - recovery_manager - INFO - State saved at: 2025-10-11T21:48:39.452314
2025-10-11 21:48:39,471 - recovery_manager - INFO - Collection already completed
2025-10-11 21:48:39,477 - recovery_manager - INFO - Collection state saved to C:\Users\julia\AppData\Local\Temp\tmpycaa_gqe\collection_state.pkl
2025-10-11 21:48:39,496 - recovery_manager - INFO - Collection state loaded from C:\Users\julia\AppData\Local\Temp\tmpycaa_gqe\collection_state.pkl
2025-10-11 21:48:39,496 - recovery_manager - INFO - State saved at: 2025-10-11T21:48:39.476953
2025-10-11 21:48:39,496 - recovery_manager - WARNING - Invalid collection state, cannot resume
2025-10-11 21:48:39,501 - recovery_manager - INFO - No collection state found at C:\Users\julia\AppData\Local\Temp\tmpt9jhz41l\collection_state.pkl
2025-10-11 21:48:39,507 - recovery_manager - INFO - Training state saved to C:\Users\julia\AppData\Local\Temp\tmpvli7rvs9\training_state.pkl
2025-10-11 21:48:39,526 - recovery_manager - INFO - Training state loaded from C:\Users\julia\AppData\Local\Temp\tmpvli7rvs9\training_state.pkl
2025-10-11 21:48:39,526 - recovery_manager - INFO - Resuming from epoch 10
2025-10-11 21:48:39,527 - recovery_manager - INFO - State saved at: 2025-10-11T21:48:39.506335
2025-10-11 21:48:39,527 - recovery_manager - INFO - Resuming training from epoch 10/50
2025-10-11 21:48:39,534 - recovery_manager - INFO - Training state saved to C:\Users\julia\AppData\Local\Temp\tmp0_tq4ytj\training_state.pkl
2025-10-11 21:48:39,554 - recovery_manager - INFO - Training state loaded from C:\Users\julia\AppData\Local\Temp\tmp0_tq4ytj\training_state.pkl
2025-10-11 21:48:39,554 - recovery_manager - INFO - Resuming from epoch 50
2025-10-11 21:48:39,554 - recovery_manager - INFO - State saved at: 2025-10-11T21:48:39.532608
2025-10-11 21:48:39,555 - recovery_manager - INFO - Training already completed
2025-10-11 21:48:39,559 - recovery_manager - INFO - No training state found at C:\Users\julia\AppData\Local\Temp\tmp342iydz5\training_state.pkl
2025-10-11 21:48:39,564 - recovery_manager - INFO - Collection state saved to C:\Users\julia\AppData\Local\Temp\tmpiohly74e\collection_state.pkl
2025-10-11 21:48:39,583 - recovery_manager - INFO - Collection state loaded from C:\Users\julia\AppData\Local\Temp\tmpiohly74e\collection_state.pkl
2025-10-11 21:48:39,584 - recovery_manager - INFO - State saved at: 2025-10-11T21:48:39.563672
2025-10-11 21:48:39,587 - recovery_manager - INFO - Recovery report saved to C:\Users\julia\AppData\Local\Temp\tmpiohly74e\recovery_report.yaml
2025-10-11 21:48:39,611 - recovery_manager - INFO - Collection state saved to C:\Users\julia\AppData\Local\Temp\tmpy3prr7jb\collection_state.pkl
2025-10-11 21:48:39,631 - recovery_manager - INFO - Collection state loaded from C:\Users\julia\AppData\Local\Temp\tmpy3prr7jb\collection_state.pkl
2025-10-11 21:48:39,631 - recovery_manager - INFO - State saved at: 2025-10-11T21:48:39.610916
2025-10-11 21:48:39,631 - recovery_manager - INFO - Resuming collection: 50/100 episodes
2025-10-11 21:48:39,636 - recovery_manager - INFO - No collection state found at C:\Users\julia\AppData\Local\Temp\tmpchl11h8u\collection_state.pkl
2025-10-11 21:48:39,639 - recovery_manager - INFO - No collection state found at C:\Users\julia\AppData\Local\Temp\tmpq2vg_b6v\collection_state.pkl
2025-10-11 21:48:39,645 - recovery_manager - INFO - Training state saved to C:\Users\julia\AppData\Local\Temp\tmphw_g0njn\training_state.pkl
2025-10-11 21:48:39,665 - recovery_manager - INFO - Training state loaded from C:\Users\julia\AppData\Local\Temp\tmphw_g0njn\training_state.pkl
2025-10-11 21:48:39,665 - recovery_manager - INFO - Resuming from epoch 10
2025-10-11 21:48:39,665 - recovery_manager - INFO - State saved at: 2025-10-11T21:48:39.644135
2025-10-11 21:48:39,665 - recovery_manager - INFO - Resuming training from epoch 10/50
2025-10-11 21:48:39,670 - recovery_manager - INFO - No training state found at C:\Users\julia\AppData\Local\Temp\tmp2bcjsxzz\training_state.pkl
2025-10-11 21:48:39,675 - recovery_manager - INFO - No training state found at C:\Users\julia\AppData\Local\Temp\tmppmksup5c\training_state.pkl
2025-10-11 21:48:39,676 - recovery_manager - INFO - Latest checkpoint found: C:\Users\julia\AppData\Local\Temp\tmppmksup5c\checkpoint_100.pt
2025-10-11 22:58:08,921 - recovery_manager - INFO - Collection state saved to C:\Users\julia\AppData\Local\Temp\tmpveef45jy\collection_state.pkl
2025-10-11 22:58:08,938 - recovery_manager - INFO - Collection state loaded from C:\Users\julia\AppData\Local\Temp\tmpveef45jy\collection_state.pkl
2025-10-11 22:58:08,939 - recovery_manager - INFO - State saved at: 2025-10-11T22:58:08.920821
2025-10-11 22:58:08,943 - recovery_manager - INFO - No collection state found at C:\Users\julia\AppData\Local\Temp\tmp309vwp57\collection_state.pkl
2025-10-11 22:58:10,439 - recovery_manager - INFO - Training state saved to C:\Users\julia\AppData\Local\Temp\tmpq0yetvuc\training_state.pkl
2025-10-11 22:58:10,459 - recovery_manager - INFO - Training state loaded from C:\Users\julia\AppData\Local\Temp\tmpq0yetvuc\training_state.pkl
2025-10-11 22:58:10,459 - recovery_manager - INFO - Resuming from epoch 10
2025-10-11 22:58:10,459 - recovery_manager - INFO - State saved at: 2025-10-11T22:58:10.437021
2025-10-11 22:58:10,464 - recovery_manager - INFO - No training state found at C:\Users\julia\AppData\Local\Temp\tmp23ee8ry2\training_state.pkl
2025-10-11 22:58:10,572 - recovery_manager - INFO - Latest checkpoint found: C:\Users\julia\AppData\Local\Temp\tmpza0u5y4_\checkpoint_200.pt
2025-10-11 22:58:10,684 - recovery_manager - INFO - Latest checkpoint found: C:\Users\julia\AppData\Local\Temp\tmpl28qetxl\best_checkpoint_300.pt
2025-10-11 22:58:10,690 - recovery_manager - INFO - Collection state saved to C:\Users\julia\AppData\Local\Temp\tmpgf9_fqx3\collection_state.pkl
2025-10-11 22:58:10,708 - recovery_manager - INFO - Collection state loaded from C:\Users\julia\AppData\Local\Temp\tmpgf9_fqx3\collection_state.pkl
2025-10-11 22:58:10,708 - recovery_manager - INFO - State saved at: 2025-10-11T22:58:10.689944
2025-10-11 22:58:10,708 - recovery_manager - INFO - Resuming collection: 50/100 episodes
2025-10-11 22:58:10,714 - recovery_manager - INFO - Collection state saved to C:\Users\julia\AppData\Local\Temp\tmpcvu_fseg\collection_state.pkl
2025-10-11 22:58:10,732 - recovery_manager - INFO - Collection state loaded from C:\Users\julia\AppData\Local\Temp\tmpcvu_fseg\collection_state.pkl
2025-10-11 22:58:10,732 - recovery_manager - INFO - State saved at: 2025-10-11T22:58:10.713975
2025-10-11 22:58:10,732 - recovery_manager - INFO - Collection already completed
2025-10-11 22:58:10,738 - recovery_manager - INFO - Collection state saved to C:\Users\julia\AppData\Local\Temp\tmpmubayh41\collection_state.pkl
2025-10-11 22:58:10,756 - recovery_manager - INFO - Collection state loaded from C:\Users\julia\AppData\Local\Temp\tmpmubayh41\collection_state.pkl
2025-10-11 22:58:10,756 - recovery_manager - INFO - State saved at: 2025-10-11T22:58:10.738038
2025-10-11 22:58:10,756 - recovery_manager - WARNING - Invalid collection state, cannot resume
2025-10-11 22:58:10,761 - recovery_manager - INFO - No collection state found at C:\Users\julia\AppData\Local\Temp\tmpmhh9nkck\collection_state.pkl
2025-10-11 22:58:10,767 - recovery_manager - INFO - Training state saved to C:\Users\julia\AppData\Local\Temp\tmpyork0dp9\training_state.pkl
2025-10-11 22:58:10,787 - recovery_manager - INFO - Training state loaded from C:\Users\julia\AppData\Local\Temp\tmpyork0dp9\training_state.pkl
2025-10-11 22:58:10,788 - recovery_manager - INFO - Resuming from epoch 10
2025-10-11 22:58:10,788 - recovery_manager - INFO - State saved at: 2025-10-11T22:58:10.766822
2025-10-11 22:58:10,788 - recovery_manager - INFO - Resuming training from epoch 10/50
2025-10-11 22:58:10,796 - recovery_manager - INFO - Training state saved to C:\Users\julia\AppData\Local\Temp\tmp4dtv_5n5\training_state.pkl
2025-10-11 22:58:10,815 - recovery_manager - INFO - Training state loaded from C:\Users\julia\AppData\Local\Temp\tmp4dtv_5n5\training_state.pkl
2025-10-11 22:58:10,816 - recovery_manager - INFO - Resuming from epoch 50
2025-10-11 22:58:10,816 - recovery_manager - INFO - State saved at: 2025-10-11T22:58:10.793989
2025-10-11 22:58:10,816 - recovery_manager - INFO - Training already completed
2025-10-11 22:58:10,821 - recovery_manager - INFO - No training state found at C:\Users\julia\AppData\Local\Temp\tmpvqyj1cj9\training_state.pkl
2025-10-11 22:58:10,825 - recovery_manager - INFO - Collection state saved to C:\Users\julia\AppData\Local\Temp\tmpol4p4nr9\collection_state.pkl
2025-10-11 22:58:10,846 - recovery_manager - INFO - Collection state loaded from C:\Users\julia\AppData\Local\Temp\tmpol4p4nr9\collection_state.pkl
2025-10-11 22:58:10,846 - recovery_manager - INFO - State saved at: 2025-10-11T22:58:10.824753
2025-10-11 22:58:10,849 - recovery_manager - INFO - Recovery report saved to C:\Users\julia\AppData\Local\Temp\tmpol4p4nr9\recovery_report.yaml
2025-10-11 22:58:10,875 - recovery_manager - INFO - Collection state saved to C:\Users\julia\AppData\Local\Temp\tmpx51dqx5_\collection_state.pkl
2025-10-11 22:58:10,894 - recovery_manager - INFO - Collection state loaded from C:\Users\julia\AppData\Local\Temp\tmpx51dqx5_\collection_state.pkl
2025-10-11 22:58:10,895 - recovery_manager - INFO - State saved at: 2025-10-11T22:58:10.875261
2025-10-11 22:58:10,895 - recovery_manager - INFO - Resuming collection: 50/100 episodes
2025-10-11 22:58:10,900 - recovery_manager - INFO - No collection state found at C:\Users\julia\AppData\Local\Temp\tmpxozlxafv\collection_state.pkl
2025-10-11 22:58:10,906 - recovery_manager - INFO - No collection state found at C:\Users\julia\AppData\Local\Temp\tmpzz315hne\collection_state.pkl
2025-10-11 22:58:10,913 - recovery_manager - INFO - Training state saved to C:\Users\julia\AppData\Local\Temp\tmpts0syg72\training_state.pkl
2025-10-11 22:58:10,934 - recovery_manager - INFO - Training state loaded from C:\Users\julia\AppData\Local\Temp\tmpts0syg72\training_state.pkl
2025-10-11 22:58:10,935 - recovery_manager - INFO - Resuming from epoch 10
2025-10-11 22:58:10,935 - recovery_manager - INFO - State saved at: 2025-10-11T22:58:10.912413
2025-10-11 22:58:10,935 - recovery_manager - INFO - Resuming training from epoch 10/50
2025-10-11 22:58:10,939 - recovery_manager - INFO - No training state found at C:\Users\julia\AppData\Local\Temp\tmpjhe5bsxx\training_state.pkl
2025-10-11 22:58:10,944 - recovery_manager - INFO - No training state found at C:\Users\julia\AppData\Local\Temp\tmpuftq7_nd\training_state.pkl
2025-10-11 22:58:10,945 - recovery_manager - INFO - Latest checkpoint found: C:\Users\julia\AppData\Local\Temp\tmpuftq7_nd\checkpoint_100.pt
2025-10-12 00:48:28,787 - recovery_manager - INFO - Collection state saved to C:\Users\julia\AppData\Local\Temp\tmpan6d5ant\collection_state.pkl
2025-10-12 00:48:28,801 - recovery_manager - INFO - Collection state loaded from C:\Users\julia\AppData\Local\Temp\tmpan6d5ant\collection_state.pkl
2025-10-12 00:48:28,801 - recovery_manager - INFO - State saved at: 2025-10-12T00:48:28.785038
2025-10-12 00:48:28,805 - recovery_manager - INFO - No collection state found at C:\Users\julia\AppData\Local\Temp\tmpsbsvplia\collection_state.pkl
2025-10-12 00:48:30,490 - recovery_manager - INFO - Training state saved to C:\Users\julia\AppData\Local\Temp\tmpbaupv0hj\training_state.pkl
2025-10-12 00:48:30,510 - recovery_manager - INFO - Training state loaded from C:\Users\julia\AppData\Local\Temp\tmpbaupv0hj\training_state.pkl
2025-10-12 00:48:30,510 - recovery_manager - INFO - Resuming from epoch 10
2025-10-12 00:48:30,510 - recovery_manager - INFO - State saved at: 2025-10-12T00:48:30.488500
2025-10-12 00:48:30,516 - recovery_manager - INFO - No training state found at C:\Users\julia\AppData\Local\Temp\tmpq_00xsfp\training_state.pkl
2025-10-12 00:48:30,623 - recovery_manager - INFO - Latest checkpoint found: C:\Users\julia\AppData\Local\Temp\tmpkrjwrmrr\checkpoint_200.pt
2025-10-12 00:48:30,733 - recovery_manager - INFO - Latest checkpoint found: C:\Users\julia\AppData\Local\Temp\tmp610iovwk\best_checkpoint_300.pt
2025-10-12 00:48:30,739 - recovery_manager - INFO - Collection state saved to C:\Users\julia\AppData\Local\Temp\tmpontrepio\collection_state.pkl
2025-10-12 00:48:30,758 - recovery_manager - INFO - Collection state loaded from C:\Users\julia\AppData\Local\Temp\tmpontrepio\collection_state.pkl
2025-10-12 00:48:30,758 - recovery_manager - INFO - State saved at: 2025-10-12T00:48:30.738873
2025-10-12 00:48:30,759 - recovery_manager - INFO - Resuming collection: 50/100 episodes
2025-10-12 00:48:30,765 - recovery_manager - INFO - Collection state saved to C:\Users\julia\AppData\Local\Temp\tmpz7rwsv4m\collection_state.pkl
2025-10-12 00:48:30,783 - recovery_manager - INFO - Collection state loaded from C:\Users\julia\AppData\Local\Temp\tmpz7rwsv4m\collection_state.pkl
2025-10-12 00:48:30,783 - recovery_manager - INFO - State saved at: 2025-10-12T00:48:30.764496
2025-10-12 00:48:30,783 - recovery_manager - INFO - Collection already completed
2025-10-12 00:48:30,789 - recovery_manager - INFO - Collection state saved to C:\Users\julia\AppData\Local\Temp\tmp50a_dcrn\collection_state.pkl
2025-10-12 00:48:30,806 - recovery_manager - INFO - Collection state loaded from C:\Users\julia\AppData\Local\Temp\tmp50a_dcrn\collection_state.pkl
2025-10-12 00:48:30,807 - recovery_manager - INFO - State saved at: 2025-10-12T00:48:30.789311
2025-10-12 00:48:30,807 - recovery_manager - WARNING - Invalid collection state, cannot resume
2025-10-12 00:48:30,811 - recovery_manager - INFO - No collection state found at C:\Users\julia\AppData\Local\Temp\tmp4d7d8kwp\collection_state.pkl
2025-10-12 00:48:30,817 - recovery_manager - INFO - Training state saved to C:\Users\julia\AppData\Local\Temp\tmp6x16zyd0\training_state.pkl
2025-10-12 00:48:30,842 - recovery_manager - INFO - Training state loaded from C:\Users\julia\AppData\Local\Temp\tmp6x16zyd0\training_state.pkl
2025-10-12 00:48:30,842 - recovery_manager - INFO - Resuming from epoch 10
2025-10-12 00:48:30,842 - recovery_manager - INFO - State saved at: 2025-10-12T00:48:30.816279
2025-10-12 00:48:30,842 - recovery_manager - INFO - Resuming training from epoch 10/50
2025-10-12 00:48:30,849 - recovery_manager - INFO - Training state saved to C:\Users\julia\AppData\Local\Temp\tmpspez046h\training_state.pkl
2025-10-12 00:48:30,868 - recovery_manager - INFO - Training state loaded from C:\Users\julia\AppData\Local\Temp\tmpspez046h\training_state.pkl
2025-10-12 00:48:30,868 - recovery_manager - INFO - Resuming from epoch 50
2025-10-12 00:48:30,868 - recovery_manager - INFO - State saved at: 2025-10-12T00:48:30.847804
2025-10-12 00:48:30,868 - recovery_manager - INFO - Training already completed
2025-10-12 00:48:30,874 - recovery_manager - INFO - No training state found at C:\Users\julia\AppData\Local\Temp\tmptlp2585b\training_state.pkl
2025-10-12 00:48:30,878 - recovery_manager - INFO - Collection state saved to C:\Users\julia\AppData\Local\Temp\tmp7euv41pn\collection_state.pkl
2025-10-12 00:48:30,898 - recovery_manager - INFO - Collection state loaded from C:\Users\julia\AppData\Local\Temp\tmp7euv41pn\collection_state.pkl
2025-10-12 00:48:30,899 - recovery_manager - INFO - State saved at: 2025-10-12T00:48:30.878375
2025-10-12 00:48:30,902 - recovery_manager - INFO - Recovery report saved to C:\Users\julia\AppData\Local\Temp\tmp7euv41pn\recovery_report.yaml
2025-10-12 00:48:30,926 - recovery_manager - INFO - Collection state saved to C:\Users\julia\AppData\Local\Temp\tmpvvd2hvue\collection_state.pkl
2025-10-12 00:48:30,943 - recovery_manager - INFO - Collection state loaded from C:\Users\julia\AppData\Local\Temp\tmpvvd2hvue\collection_state.pkl
2025-10-12 00:48:30,944 - recovery_manager - INFO - State saved at: 2025-10-12T00:48:30.925932
2025-10-12 00:48:30,944 - recovery_manager - INFO - Resuming collection: 50/100 episodes
2025-10-12 00:48:30,947 - recovery_manager - INFO - No collection state found at C:\Users\julia\AppData\Local\Temp\tmpqu2ley0r\collection_state.pkl
2025-10-12 00:48:30,953 - recovery_manager - INFO - No collection state found at C:\Users\julia\AppData\Local\Temp\tmpdwvh7k2g\collection_state.pkl
2025-10-12 00:48:30,963 - recovery_manager - INFO - Training state saved to C:\Users\julia\AppData\Local\Temp\tmphtenfjqw\training_state.pkl
2025-10-12 00:48:30,984 - recovery_manager - INFO - Training state loaded from C:\Users\julia\AppData\Local\Temp\tmphtenfjqw\training_state.pkl
2025-10-12 00:48:30,984 - recovery_manager - INFO - Resuming from epoch 10
2025-10-12 00:48:30,984 - recovery_manager - INFO - State saved at: 2025-10-12T00:48:30.961629
2025-10-12 00:48:30,984 - recovery_manager - INFO - Resuming training from epoch 10/50
2025-10-12 00:48:30,989 - recovery_manager - INFO - No training state found at C:\Users\julia\AppData\Local\Temp\tmpm2_vm_ia\training_state.pkl
2025-10-12 00:48:30,995 - recovery_manager - INFO - No training state found at C:\Users\julia\AppData\Local\Temp\tmpkk89ugt3\training_state.pkl
2025-10-12 00:48:30,995 - recovery_manager - INFO - Latest checkpoint found: C:\Users\julia\AppData\Local\Temp\tmpkk89ugt3\checkpoint_100.pt
